<?xml version="1.0" encoding="UTF-8"?>
<testsuite name="ru.nsu.ga.grentseva.hash.NodeTest" tests="4" skipped="0" failures="0" errors="0" timestamp="2025-11-07T15:56:53.470Z" hostname="PUPAALINA" time="0.011">
  <properties/>
  <testcase name="testGettersAndSetters()" classname="ru.nsu.ga.grentseva.hash.NodeTest" time="0.002"/>
  <testcase name="testToString()" classname="ru.nsu.ga.grentseva.hash.NodeTest" time="0.001"/>
  <testcase name="testEquals()" classname="ru.nsu.ga.grentseva.hash.NodeTest" time="0.002"/>
  <testcase name="testChaining()" classname="ru.nsu.ga.grentseva.hash.NodeTest" time="0.002"/>
  <system-out><![CDATA[]]></system-out>
  <system-err><![CDATA[]]></system-err>
</testsuite>
