<?xml version="1.0" encoding="UTF-8"?>
<testsuite name="ru.nsu.ga.grentseva.parser.SeparatedVariablesTest" tests="6" skipped="0" failures="0" errors="0" timestamp="2025-10-31T16:40:02.600Z" hostname="PUPAALINA" time="0.065">
  <properties/>
  <testcase name="testExtraSemicolons()" classname="ru.nsu.ga.grentseva.parser.SeparatedVariablesTest" time="0.042"/>
  <testcase name="testVariablesWithNoSpaces()" classname="ru.nsu.ga.grentseva.parser.SeparatedVariablesTest" time="0.002"/>
  <testcase name="testMultipleVariables()" classname="ru.nsu.ga.grentseva.parser.SeparatedVariablesTest" time="0.002"/>
  <testcase name="testEmptyString()" classname="ru.nsu.ga.grentseva.parser.SeparatedVariablesTest" time="0.006"/>
  <testcase name="testNullString()" classname="ru.nsu.ga.grentseva.parser.SeparatedVariablesTest" time="0.003"/>
  <testcase name="testSingleVariable()" classname="ru.nsu.ga.grentseva.parser.SeparatedVariablesTest" time="0.001"/>
  <system-out><![CDATA[]]></system-out>
  <system-err><![CDATA[]]></system-err>
</testsuite>
